<?xml version="1.0" encoding="UTF-8"?>
<!-- Generated by org.testng.reporters.JUnitReportReporter -->
<testsuite skipped="0" hostname="PDYM25.local" name="automation.webapp.jenkins.AppTest" tests="1" failures="0" timestamp="19 Apr 2018 06:18:34 GMT" time="8.230" errors="0">
  <testcase name="testApp" time="8.230" classname="automation.webapp.jenkins.AppTest"/>
</testsuite> <!-- automation.webapp.jenkins.AppTest -->
